#-----------------------------------------------------------
# Vivado v2017.4.1 (64-bit)
# SW Build 2117270 on Tue Jan 30 15:32:00 MST 2018
# IP Build 2095745 on Tue Jan 30 17:13:15 MST 2018
# Start of session at: Thu Sep 12 21:41:58 2019
# Process ID: 15064
# Current directory: C:/Users/Zach/Documents/GradSchool/Fall_2019/EN525.742_SOC_Design_Lab/EN525.742_Project_2
# Command line: vivado.exe -gui_launcher_event rodinguilauncherevent13976 C:\Users\Zach\Documents\GradSchool\Fall_2019\EN525.742_SOC_Design_Lab\EN525.742_Project_2\project_2.xpr
# Log file: C:/Users/Zach/Documents/GradSchool/Fall_2019/EN525.742_SOC_Design_Lab/EN525.742_Project_2/vivado.log
# Journal file: C:/Users/Zach/Documents/GradSchool/Fall_2019/EN525.742_SOC_Design_Lab/EN525.742_Project_2\vivado.jou
#-----------------------------------------------------------
start_gui
open_project C:/Users/Zach/Documents/GradSchool/Fall_2019/EN525.742_SOC_Design_Lab/EN525.742_Project_2/project_2.xpr
INFO: [ProjectBase 1-489] The host OS only allows 260 characters in a normal path. The project is stored in a path with more than 80 characters. If you experience issues with IP, Block Designs, or files not being found, please consider moving the project to a location with a shorter path. Alternately consider using the OS subst command to map part of the path to a drive letter.
Current project path is 'C:/Users/Zach/Documents/GradSchool/Fall_2019/EN525.742_SOC_Design_Lab/EN525.742_Project_2'
Scanning sources...
Finished scanning sources
WARNING: [filemgmt 56-3] Board Part Repository Path: Could not find the directory 'C:/Users/Zach/Documents/GradSchool/Documents/vivado-boards-master/new/board_files'.
INFO: [IP_Flow 19-234] Refreshing IP repositories
INFO: [IP_Flow 19-1704] No user IP repositories specified
INFO: [IP_Flow 19-2313] Loaded Vivado IP repository 'C:/Xilinx/Vivado/2017.4/data/ip'.
open_project: Time (s): cpu = 00:00:18 ; elapsed = 00:00:11 . Memory (MB): peak = 1013.809 ; gain = 260.957
update_compile_order -fileset sources_1
write_hwdef -force  -file C:/Users/Zach/Documents/GradSchool/Fall_2019/EN525.742_SOC_Design_Lab/EN525.742_Project_2/project_2.sdk/project2_top.hdf
open_hw
INFO: [Labtools 27-2285] Connecting to hw_server url TCP:localhost:3121
INFO: [Common 17-41] Interrupt caught. Command should exit soon.
