Copyright 1986-2017 Xilinx, Inc. All Rights Reserved.
---------------------------------------------------------------------------------------------------------------------------
| Tool Version : Vivado v.2017.4 (lin64) Build 2086221 Fri Dec 15 20:54:30 MST 2017
| Date         : Wed Sep 11 16:38:28 2019
| Host         : zmsilx-localhost running 64-bit Fedora release 30 (Thirty)
| Command      : report_drc -file project2_top_drc_opted.rpt -pb project2_top_drc_opted.pb -rpx project2_top_drc_opted.rpx
| Design       : project2_top
| Device       : xc7z020clg484-1
| Speed File   : -1
| Design State : Synthesized
---------------------------------------------------------------------------------------------------------------------------

Report DRC

Table of Contents
-----------------
1. REPORT SUMMARY
2. REPORT DETAILS

1. REPORT SUMMARY
-----------------
            Netlist: netlist
          Floorplan: design_1
      Design limits: <entire design considered>
           Ruledeck: default
             Max violations: <unlimited>
             Violations found: 6
+-----------+----------+------------------------------------------------+------------+
| Rule      | Severity | Description                                    | Violations |
+-----------+----------+------------------------------------------------+------------+
| PLIO-6    | Warning  | Placement Constraints Check for IO constraints | 1          |
| REQP-1571 | Warning  | connects_D                                     | 2          |
| REQP-1617 | Warning  | use_IOB_register                               | 1          |
| REQP-1839 | Warning  | RAMB36 async control check                     | 1          |
| ZPS7-1    | Warning  | PS7 block required                             | 1          |
+-----------+----------+------------------------------------------------+------------+

2. REPORT DETAILS
-----------------
PLIO-6#1 Warning
Placement Constraints Check for IO constraints  
Invalid constraint on register proc_system_gen/axi_quad_spi_0/U0/NO_DUAL_QUAD_MODE.QSPI_NORMAL/IO0_I_REG. It has the property IOB=TRUE, but it is not driving or driven by any IO element.
Related violations: <none>

REQP-1571#1 Warning
connects_D  
The FDRE cell proc_system_gen/axi_quad_spi_0/U0/NO_DUAL_QUAD_MODE.QSPI_NORMAL/IO0_I_REG has no driver for the D input pin. To protect against unwanted transitions in all flows, the D input pin is required to have a driver. To resolve this violation, modify the design so that the D input pin has an active signal or constant logic-level tie-off.
Related violations: <none>

REQP-1571#2 Warning
connects_D  
The FDRE cell proc_system_gen/axi_quad_spi_0/U0/NO_DUAL_QUAD_MODE.QSPI_NORMAL/QSPI_LEGACY_MD_GEN.QSPI_CORE_INTERFACE_I/LOGIC_FOR_MD_0_GEN.SPI_MODULE_I/SCK_I_REG has no driver for the D input pin. To protect against unwanted transitions in all flows, the D input pin is required to have a driver. To resolve this violation, modify the design so that the D input pin has an active signal or constant logic-level tie-off.
Related violations: <none>

REQP-1617#1 Warning
use_IOB_register  
The FDRE cell proc_system_gen/axi_quad_spi_0/U0/NO_DUAL_QUAD_MODE.QSPI_NORMAL/IO0_I_REG has IOB set to TRUE, but does not connect directly to an IO cell. Remove the constraint or ensure the FDRE is property connected to an IO.
Related violations: <none>

REQP-1839#1 Warning
RAMB36 async control check  
The RAMB36E1 proc_system_gen/axis_data_fifo/inst/gen_fifo_generator.fifo_generator_inst/inst_fifo_gen/gaxis_fifo.gaxisf.axisf/grf.rf/gntv_or_sync_fifo.mem/gbm.gbmg.gbmga.ngecc.bmg/inst_blk_mem_gen/gnbram.gnativebmg.native_blk_mem_gen/valid.cstr/ramloop[0].ram.r/prim_noinit.ram/DEVICE_7SERIES.NO_BMM_INFO.SDP.SIMPLE_PRIM36.ram has an input control pin proc_system_gen/axis_data_fifo/inst/gen_fifo_generator.fifo_generator_inst/inst_fifo_gen/gaxis_fifo.gaxisf.axisf/grf.rf/gntv_or_sync_fifo.mem/gbm.gbmg.gbmga.ngecc.bmg/inst_blk_mem_gen/gnbram.gnativebmg.native_blk_mem_gen/valid.cstr/ramloop[0].ram.r/prim_noinit.ram/DEVICE_7SERIES.NO_BMM_INFO.SDP.SIMPLE_PRIM36.ram/ENBWREN (net: proc_system_gen/axis_data_fifo/inst/gen_fifo_generator.fifo_generator_inst/inst_fifo_gen/gaxis_fifo.gaxisf.axisf/grf.rf/gntv_or_sync_fifo.mem/gbm.gbmg.gbmga.ngecc.bmg/inst_blk_mem_gen/gnbram.gnativebmg.native_blk_mem_gen/valid.cstr/ramloop[0].ram.r/prim_noinit.ram/ENB_I) which is driven by a register (ll_dac_gen/latched_data_sig_reg) that has an active asychronous set or reset. This may cause corruption of the memory contents and/or read values when the set/reset is asserted and is not analyzed by the default static timing analysis. It is suggested to eliminate the use of a set/reset to registers driving this RAMB pin or else use a synchronous reset in which the assertion of the reset is timed by default.
Related violations: <none>

ZPS7-1#1 Warning
PS7 block required  
The PS7 cell must be used in this Zynq design in order to enable correct default configuration.
Related violations: <none>


