19:08:14 INFO  : Registering command handlers for SDK TCF services
19:08:15 INFO  : Launching XSCT server: xsct.bat -interactive C:\Users\Zach\Documents\GradSchool\Fall_2019\EN525.742_SOC_Design_Lab\EN525.742_Project_2\project_2.sdk\temp_xsdb_launch_script.tcl
19:08:16 INFO  : XSCT server has started successfully.
19:08:16 INFO  : Successfully done setting XSCT server connection channel  
19:08:16 INFO  : Successfully done setting SDK workspace  
19:08:16 INFO  : Processing command line option -hwspec C:/Users/Zach/Documents/GradSchool/Fall_2019/EN525.742_SOC_Design_Lab/EN525.742_Project_2/project_2.sdk/project2_top.hdf.
19:20:39 WARN  : Given IPC port value is invalid. Using default port 2350
19:20:39 WARN  : Given XMD timeout value is invalid. Using default value of 50000
19:20:40 WARN  : Given XMD transaction timeout value is invalid. Using default value of 60000 milli seconds
19:21:56 WARN  : Given XMD transaction timeout value is invalid. Using default value of 60000 milli seconds
19:21:57 WARN  : Given XMD transaction timeout value is invalid. Using default value of 60000 milli seconds
19:21:57 WARN  : Given XMD transaction timeout value is invalid. Using default value of 60000 milli seconds
19:21:57 ERROR : Unexpected error while launching program.
com.xilinx.sdk.targetmanager.TMException: MicroBlaze is under RESET. Check if the Reset input to MicroBlaze and its Bus Interfaces are connected properly
    UNABLE to STOP MicroBlaze

	at com.xilinx.sdk.targetmanager.internal.TM.connectToProcessor(TM.java:478)
	at com.xilinx.sdk.debug.core.XilinxAppLaunchConfigurationDelegate.runTargetSetup(XilinxAppLaunchConfigurationDelegate.java:533)
	at com.xilinx.sdk.debug.core.XilinxAppLaunchConfigurationDelegate.debugApplication(XilinxAppLaunchConfigurationDelegate.java:701)
	at com.xilinx.sdk.debug.core.XilinxAppLaunchConfigurationDelegate.launch(XilinxAppLaunchConfigurationDelegate.java:311)
	at com.xilinx.sdk.debug.ui.XilinxAppLaunchDelegateWrapper.launch(XilinxAppLaunchDelegateWrapper.java:31)
	at org.eclipse.debug.internal.core.LaunchConfiguration.launch(LaunchConfiguration.java:885)
	at org.eclipse.debug.internal.core.LaunchConfiguration.launch(LaunchConfiguration.java:739)
	at org.eclipse.debug.internal.ui.DebugUIPlugin.buildAndLaunch(DebugUIPlugin.java:1039)
	at org.eclipse.debug.internal.ui.DebugUIPlugin$8.run(DebugUIPlugin.java:1256)
	at org.eclipse.core.internal.jobs.Worker.run(Worker.java:55)
19:22:23 WARN  : Given XMD transaction timeout value is invalid. Using default value of 60000 milli seconds
19:22:23 WARN  : Given XMD transaction timeout value is invalid. Using default value of 60000 milli seconds
19:22:23 ERROR : Unexpected error while launching program.
com.xilinx.sdk.targetmanager.TMException: MicroBlaze is under RESET. Check if the Reset input to MicroBlaze and its Bus Interfaces are connected properly
    UNABLE to STOP MicroBlaze

	at com.xilinx.sdk.targetmanager.internal.TM.connectToProcessor(TM.java:478)
	at com.xilinx.sdk.debug.core.XilinxAppLaunchConfigurationDelegate.runTargetSetup(XilinxAppLaunchConfigurationDelegate.java:533)
	at com.xilinx.sdk.debug.core.XilinxAppLaunchConfigurationDelegate.debugApplication(XilinxAppLaunchConfigurationDelegate.java:701)
	at com.xilinx.sdk.debug.core.XilinxAppLaunchConfigurationDelegate.launch(XilinxAppLaunchConfigurationDelegate.java:311)
	at com.xilinx.sdk.debug.ui.XilinxAppLaunchDelegateWrapper.launch(XilinxAppLaunchDelegateWrapper.java:31)
	at org.eclipse.debug.internal.core.LaunchConfiguration.launch(LaunchConfiguration.java:885)
	at org.eclipse.debug.internal.core.LaunchConfiguration.launch(LaunchConfiguration.java:739)
	at org.eclipse.debug.internal.ui.DebugUIPlugin.buildAndLaunch(DebugUIPlugin.java:1039)
	at org.eclipse.debug.internal.ui.DebugUIPlugin$8.run(DebugUIPlugin.java:1256)
	at org.eclipse.core.internal.jobs.Worker.run(Worker.java:55)
19:22:44 WARN  : Given XMD transaction timeout value is invalid. Using default value of 60000 milli seconds
19:22:45 WARN  : Given XMD transaction timeout value is invalid. Using default value of 60000 milli seconds
19:22:45 ERROR : Unexpected error while launching program.
com.xilinx.sdk.targetmanager.TMException: MicroBlaze is under RESET. Check if the Reset input to MicroBlaze and its Bus Interfaces are connected properly
    UNABLE to STOP MicroBlaze

	at com.xilinx.sdk.targetmanager.internal.TM.connectToProcessor(TM.java:478)
	at com.xilinx.sdk.debug.core.XilinxAppLaunchConfigurationDelegate.runTargetSetup(XilinxAppLaunchConfigurationDelegate.java:533)
	at com.xilinx.sdk.debug.core.XilinxAppLaunchConfigurationDelegate.debugApplication(XilinxAppLaunchConfigurationDelegate.java:701)
	at com.xilinx.sdk.debug.core.XilinxAppLaunchConfigurationDelegate.launch(XilinxAppLaunchConfigurationDelegate.java:311)
	at com.xilinx.sdk.debug.ui.XilinxAppLaunchDelegateWrapper.launch(XilinxAppLaunchDelegateWrapper.java:31)
	at org.eclipse.debug.internal.core.LaunchConfiguration.launch(LaunchConfiguration.java:885)
	at org.eclipse.debug.internal.core.LaunchConfiguration.launch(LaunchConfiguration.java:739)
	at org.eclipse.debug.internal.ui.DebugUIPlugin.buildAndLaunch(DebugUIPlugin.java:1039)
	at org.eclipse.debug.internal.ui.DebugUIPlugin$8.run(DebugUIPlugin.java:1256)
	at org.eclipse.core.internal.jobs.Worker.run(Worker.java:55)
19:23:44 WARN  : Given XMD transaction timeout value is invalid. Using default value of 60000 milli seconds
19:23:44 WARN  : Given XMD transaction timeout value is invalid. Using default value of 60000 milli seconds
19:23:44 ERROR : Unexpected error while launching program.
com.xilinx.sdk.targetmanager.TMException: MicroBlaze is under RESET. Check if the Reset input to MicroBlaze and its Bus Interfaces are connected properly
    UNABLE to STOP MicroBlaze

	at com.xilinx.sdk.targetmanager.internal.TM.connectToProcessor(TM.java:478)
	at com.xilinx.sdk.debug.core.XilinxAppLaunchConfigurationDelegate.runTargetSetup(XilinxAppLaunchConfigurationDelegate.java:533)
	at com.xilinx.sdk.debug.core.XilinxAppLaunchConfigurationDelegate.runApplication(XilinxAppLaunchConfigurationDelegate.java:616)
	at com.xilinx.sdk.debug.core.XilinxAppLaunchConfigurationDelegate.launch(XilinxAppLaunchConfigurationDelegate.java:309)
	at com.xilinx.sdk.debug.ui.XilinxAppLaunchDelegateWrapper.launch(XilinxAppLaunchDelegateWrapper.java:31)
	at org.eclipse.debug.internal.core.LaunchConfiguration.launch(LaunchConfiguration.java:885)
	at org.eclipse.debug.internal.core.LaunchConfiguration.launch(LaunchConfiguration.java:739)
	at org.eclipse.debug.internal.ui.DebugUIPlugin.buildAndLaunch(DebugUIPlugin.java:1039)
	at org.eclipse.debug.internal.ui.DebugUIPlugin$8.run(DebugUIPlugin.java:1256)
	at org.eclipse.core.internal.jobs.Worker.run(Worker.java:55)
20:27:02 INFO  : SDK has detected change in the last modified timestamps for source hardware specification file Source:1568161486971,  Project:1568080164805
20:27:02 INFO  : Project project2_top_hw_platform_0's source hardware specification located at C:/Users/Zach/Documents/GradSchool/Fall_2019/EN525.742_SOC_Design_Lab/EN525.742_Project_2/project_2.sdk/project2_top.hdf is now different from the local copy.
		 The local copy will be replaced with the source specification and your workspace will be updated.
20:27:11 INFO  : Copied contents of C:/Users/Zach/Documents/GradSchool/Fall_2019/EN525.742_SOC_Design_Lab/EN525.742_Project_2/project_2.sdk/project2_top.hdf into \project2_top_hw_platform_0\system.hdf.
20:27:12 INFO  : Synchronizing projects in the workspace with the hardware platform specification changes.
20:27:14 INFO  : 
20:27:15 INFO  : Updating hardware inferred compiler options for project2.
20:27:15 INFO  : Clearing existing target manager status.
20:27:15 INFO  : Closing and re-opening the MSS file of ther project project2_bsp
20:27:15 INFO  : Closing and re-opening the MSS file of ther project project2_bsp
20:27:16 INFO  : Closing and re-opening the MSS file of ther project project2_bsp
20:27:16 INFO  : Workspace synchronized with the new hardware specification file. Cleaning dependent projects...
20:27:20 WARN  : Linker script will not be updated automatically. Users need to update it manually.
20:28:02 WARN  : Given XMD transaction timeout value is invalid. Using default value of 60000 milli seconds
20:28:02 WARN  : Given XMD transaction timeout value is invalid. Using default value of 60000 milli seconds
20:28:02 WARN  : Given XMD transaction timeout value is invalid. Using default value of 60000 milli seconds
20:28:02 WARN  : Given XMD transaction timeout value is invalid. Using default value of 60000 milli seconds
20:28:02 WARN  : Given XMD transaction timeout value is invalid. Using default value of 60000 milli seconds
20:28:03 WARN  : Given XMD transaction timeout value is invalid. Using default value of 60000 milli seconds
20:28:03 INFO  : Processor reset is completed for microblaze_0
20:28:03 WARN  : Given XMD transaction timeout value is invalid. Using default value of 60000 milli seconds
20:28:04 WARN  : Given XMD transaction timeout value is invalid. Using default value of 60000 milli seconds
20:45:41 INFO  : SDK has detected change in the last modified timestamps for source hardware specification file Source:1568162698750,  Project:1568161486971
20:45:41 INFO  : Project project2_top_hw_platform_0's source hardware specification located at C:/Users/Zach/Documents/GradSchool/Fall_2019/EN525.742_SOC_Design_Lab/EN525.742_Project_2/project_2.sdk/project2_top.hdf is now different from the local copy.
		 The local copy will be replaced with the source specification and your workspace will be updated.
20:45:43 INFO  : Copied contents of C:/Users/Zach/Documents/GradSchool/Fall_2019/EN525.742_SOC_Design_Lab/EN525.742_Project_2/project_2.sdk/project2_top.hdf into \project2_top_hw_platform_0\system.hdf.
20:45:43 INFO  : Synchronizing projects in the workspace with the hardware platform specification changes.
20:45:45 INFO  : 
20:45:46 INFO  : Updating hardware inferred compiler options for project2.
20:45:46 INFO  : Clearing existing target manager status.
20:45:46 INFO  : Workspace synchronized with the new hardware specification file. Cleaning dependent projects...
20:45:47 WARN  : Linker script will not be updated automatically. Users need to update it manually.
21:09:28 WARN  : Given XMD transaction timeout value is invalid. Using default value of 60000 milli seconds
21:09:28 WARN  : Given XMD transaction timeout value is invalid. Using default value of 60000 milli seconds
21:09:28 WARN  : Given XMD transaction timeout value is invalid. Using default value of 60000 milli seconds
21:09:28 WARN  : Given XMD transaction timeout value is invalid. Using default value of 60000 milli seconds
21:09:28 WARN  : Given XMD transaction timeout value is invalid. Using default value of 60000 milli seconds
21:09:28 WARN  : Given XMD transaction timeout value is invalid. Using default value of 60000 milli seconds
21:09:28 INFO  : Processor reset is completed for microblaze_0
21:09:28 WARN  : Given XMD transaction timeout value is invalid. Using default value of 60000 milli seconds
21:09:29 WARN  : Given XMD transaction timeout value is invalid. Using default value of 60000 milli seconds
21:09:30 WARN  : Given XMD transaction timeout value is invalid. Using default value of 60000 milli seconds
21:10:10 WARN  : Given XMD transaction timeout value is invalid. Using default value of 60000 milli seconds
21:10:10 WARN  : Given XMD transaction timeout value is invalid. Using default value of 60000 milli seconds
21:10:10 WARN  : Given XMD transaction timeout value is invalid. Using default value of 60000 milli seconds
21:10:10 WARN  : Given XMD transaction timeout value is invalid. Using default value of 60000 milli seconds
21:10:16 WARN  : Given XMD transaction timeout value is invalid. Using default value of 60000 milli seconds
21:10:17 WARN  : Given XMD transaction timeout value is invalid. Using default value of 60000 milli seconds
21:10:17 WARN  : Given XMD transaction timeout value is invalid. Using default value of 60000 milli seconds
21:10:17 WARN  : Given XMD transaction timeout value is invalid. Using default value of 60000 milli seconds
21:10:17 WARN  : Given XMD transaction timeout value is invalid. Using default value of 60000 milli seconds
21:10:18 INFO  : Processor reset is completed for microblaze_0
21:10:18 WARN  : Given XMD transaction timeout value is invalid. Using default value of 60000 milli seconds
21:10:18 WARN  : Given XMD transaction timeout value is invalid. Using default value of 60000 milli seconds
21:10:19 WARN  : Given XMD transaction timeout value is invalid. Using default value of 60000 milli seconds
21:11:41 WARN  : Given XMD transaction timeout value is invalid. Using default value of 60000 milli seconds
21:11:41 INFO  : microblaze_0 Processor is in use. Please stop existing Run or Debug sessions before launching.
21:11:45 WARN  : Given XMD transaction timeout value is invalid. Using default value of 60000 milli seconds
21:11:45 INFO  : Processor reset is completed for microblaze_0
21:11:46 WARN  : Given XMD transaction timeout value is invalid. Using default value of 60000 milli seconds
21:12:59 WARN  : Given XMD transaction timeout value is invalid. Using default value of 60000 milli seconds
21:12:59 INFO  : microblaze_0 Processor is in use. Please stop existing Run or Debug sessions before launching.
21:13:00 WARN  : Given XMD transaction timeout value is invalid. Using default value of 60000 milli seconds
21:13:00 INFO  : Processor reset is completed for microblaze_0
21:13:01 WARN  : Given XMD transaction timeout value is invalid. Using default value of 60000 milli seconds
21:14:22 WARN  : Given XMD transaction timeout value is invalid. Using default value of 60000 milli seconds
21:14:22 WARN  : Given XMD transaction timeout value is invalid. Using default value of 60000 milli seconds
21:14:22 WARN  : Given XMD transaction timeout value is invalid. Using default value of 60000 milli seconds
21:14:22 WARN  : Given XMD transaction timeout value is invalid. Using default value of 60000 milli seconds
21:15:09 ERROR : Unexpected error while parsing XMD response ?: com.google.gson.JsonSyntaxException: com.google.gson.stream.MalformedJsonException: invalid number or unquoted string near 
16:37:48 INFO  : Registering command handlers for SDK TCF services
16:37:49 INFO  : Launching XSCT server: xsct -n -interactive /home/zach/git/grad_school/EN525.742_SOC_Design_Lab/EN525.742_Project_2/project_2.sdk/temp_xsdb_launch_script.tcl
16:37:50 INFO  : XSCT server has started successfully.
16:37:50 INFO  : Successfully done setting XSCT server connection channel  
16:37:50 INFO  : Successfully done setting SDK workspace  
16:37:50 INFO  : Processing command line option -hwspec /home/zach/git/grad_school/EN525.742_SOC_Design_Lab/EN525.742_Project_2/project_2.sdk/project2_top.hdf.
